<?xml version="1.0" encoding="UTF-8" ?>
<testsuite failures="0" time="0.074" errors="1" skipped="0" tests="1" name="com.journaldev.spring.TestSpringRestExample">
  <properties>
    <property name="java.runtime.name" value="Java(TM) SE Runtime Environment"/>
    <property name="sun.boot.library.path" value="D:\rahul tiple\jdk1.6.0_02\jre\bin"/>
    <property name="java.vm.version" value="1.6.0_02-b06"/>
    <property name="java.vm.vendor" value="Sun Microsystems Inc."/>
    <property name="java.vendor.url" value="http://java.sun.com/"/>
    <property name="path.separator" value=";"/>
    <property name="java.vm.name" value="Java HotSpot(TM) Client VM"/>
    <property name="file.encoding.pkg" value="sun.io"/>
    <property name="user.country" value="IN"/>
    <property name="sun.java.launcher" value="SUN_STANDARD"/>
    <property name="sun.os.patch.level" value="Service Pack 1"/>
    <property name="java.vm.specification.name" value="Java Virtual Machine Specification"/>
    <property name="user.dir" value="C:\Users\Rahul.Tiple\Downloads\SpringRestExample\SpringRestExample"/>
    <property name="java.runtime.version" value="1.6.0_02-b06"/>
    <property name="java.awt.graphicsenv" value="sun.awt.Win32GraphicsEnvironment"/>
    <property name="basedir" value="C:\Users\Rahul.Tiple\Downloads\SpringRestExample\SpringRestExample"/>
    <property name="java.endorsed.dirs" value="D:\rahul tiple\jdk1.6.0_02\jre\lib\endorsed"/>
    <property name="os.arch" value="x86"/>
    <property name="surefire.real.class.path" value="C:\Users\RAHUL~1.TIP\AppData\Local\Temp\surefirebooter34395.jar"/>
    <property name="java.io.tmpdir" value="C:\Users\RAHUL~1.TIP\AppData\Local\Temp\"/>
    <property name="line.separator" value="
"/>
    <property name="java.vm.specification.vendor" value="Sun Microsystems Inc."/>
    <property name="user.variant" value=""/>
    <property name="os.name" value="Windows Vista"/>
    <property name="sun.jnu.encoding" value="Cp1252"/>
    <property name="java.library.path" value="D:\rahul tiple\jdk1.6.0_02\jre\bin;.;C:\Windows\Sun\Java\bin;C:\Windows\system32;C:\Windows;D:/rahul tiple/eclipse/jre/bin/client;D:/rahul tiple/eclipse/jre/bin;D:/rahul tiple/eclipse/jre/lib/i386;C:\Windows\system32;C:\Windows;C:\Windows\System32\Wbem;C:\Windows\System32\WindowsPowerShell\v1.0\;C:\Program Files\Lenovo\Bluetooth Software\;C:\Program Files\Lenovo\Bluetooth Software\syswow64;C:\Program Files (x86)\Skype\Phone\;C:\Program Files\TortoiseSVN\bin;C:\Program Files (x86)\nodejs\;C:\Users\Rahul.Tiple\AppData\Roaming\npm"/>
    <property name="surefire.test.class.path" value="C:\Users\Rahul.Tiple\Downloads\SpringRestExample\SpringRestExample\target\test-classes;C:\Users\Rahul.Tiple\Downloads\SpringRestExample\SpringRestExample\target\classes;C:\Users\Rahul.Tiple\.m2\repository\com\fasterxml\jackson\core\jackson-databind\2.2.3\jackson-databind-2.2.3.jar;C:\Users\Rahul.Tiple\.m2\repository\com\fasterxml\jackson\core\jackson-annotations\2.2.3\jackson-annotations-2.2.3.jar;C:\Users\Rahul.Tiple\.m2\repository\com\fasterxml\jackson\core\jackson-core\2.2.3\jackson-core-2.2.3.jar;C:\Users\Rahul.Tiple\.m2\repository\org\springframework\spring-context\4.0.0.RELEASE\spring-context-4.0.0.RELEASE.jar;C:\Users\Rahul.Tiple\.m2\repository\org\springframework\spring-aop\4.0.0.RELEASE\spring-aop-4.0.0.RELEASE.jar;C:\Users\Rahul.Tiple\.m2\repository\org\springframework\spring-beans\4.0.0.RELEASE\spring-beans-4.0.0.RELEASE.jar;C:\Users\Rahul.Tiple\.m2\repository\org\springframework\spring-core\4.0.0.RELEASE\spring-core-4.0.0.RELEASE.jar;C:\Users\Rahul.Tiple\.m2\repository\org\springframework\spring-expression\4.0.0.RELEASE\spring-expression-4.0.0.RELEASE.jar;C:\Users\Rahul.Tiple\.m2\repository\org\springframework\spring-webmvc\4.0.0.RELEASE\spring-webmvc-4.0.0.RELEASE.jar;C:\Users\Rahul.Tiple\.m2\repository\org\springframework\spring-web\4.0.0.RELEASE\spring-web-4.0.0.RELEASE.jar;C:\Users\Rahul.Tiple\.m2\repository\org\aspectj\aspectjrt\1.7.4\aspectjrt-1.7.4.jar;C:\Users\Rahul.Tiple\.m2\repository\org\springframework\spring-tx\4.0.0.RELEASE\spring-tx-4.0.0.RELEASE.jar;C:\Users\Rahul.Tiple\.m2\repository\aopalliance\aopalliance\1.0\aopalliance-1.0.jar;C:\Users\Rahul.Tiple\.m2\repository\org\hibernate\hibernate-core\4.3.5.Final\hibernate-core-4.3.5.Final.jar;C:\Users\Rahul.Tiple\.m2\repository\org\jboss\logging\jboss-logging\3.1.3.GA\jboss-logging-3.1.3.GA.jar;C:\Users\Rahul.Tiple\.m2\repository\org\jboss\logging\jboss-logging-annotations\1.2.0.Beta1\jboss-logging-annotations-1.2.0.Beta1.jar;C:\Users\Rahul.Tiple\.m2\repository\org\jboss\spec\javax\transaction\jboss-transaction-api_1.2_spec\1.0.0.Final\jboss-transaction-api_1.2_spec-1.0.0.Final.jar;C:\Users\Rahul.Tiple\.m2\repository\dom4j\dom4j\1.6.1\dom4j-1.6.1.jar;C:\Users\Rahul.Tiple\.m2\repository\xml-apis\xml-apis\1.0.b2\xml-apis-1.0.b2.jar;C:\Users\Rahul.Tiple\.m2\repository\org\hibernate\common\hibernate-commons-annotations\4.0.4.Final\hibernate-commons-annotations-4.0.4.Final.jar;C:\Users\Rahul.Tiple\.m2\repository\org\hibernate\javax\persistence\hibernate-jpa-2.1-api\1.0.0.Final\hibernate-jpa-2.1-api-1.0.0.Final.jar;C:\Users\Rahul.Tiple\.m2\repository\org\javassist\javassist\3.18.1-GA\javassist-3.18.1-GA.jar;C:\Users\Rahul.Tiple\.m2\repository\antlr\antlr\2.7.7\antlr-2.7.7.jar;C:\Users\Rahul.Tiple\.m2\repository\org\jboss\jandex\1.1.0.Final\jandex-1.1.0.Final.jar;C:\Users\Rahul.Tiple\.m2\repository\org\hibernate\hibernate-entitymanager\4.3.5.Final\hibernate-entitymanager-4.3.5.Final.jar;C:\Users\Rahul.Tiple\.m2\repository\commons-dbcp\commons-dbcp\1.4\commons-dbcp-1.4.jar;C:\Users\Rahul.Tiple\.m2\repository\commons-pool\commons-pool\1.5.4\commons-pool-1.5.4.jar;C:\Users\Rahul.Tiple\.m2\repository\org\springframework\spring-orm\4.0.0.RELEASE\spring-orm-4.0.0.RELEASE.jar;C:\Users\Rahul.Tiple\.m2\repository\org\springframework\spring-jdbc\4.0.0.RELEASE\spring-jdbc-4.0.0.RELEASE.jar;C:\Users\Rahul.Tiple\.m2\repository\org\slf4j\slf4j-api\1.7.5\slf4j-api-1.7.5.jar;C:\Users\Rahul.Tiple\.m2\repository\org\slf4j\jcl-over-slf4j\1.7.5\jcl-over-slf4j-1.7.5.jar;C:\Users\Rahul.Tiple\.m2\repository\org\slf4j\slf4j-log4j12\1.7.5\slf4j-log4j12-1.7.5.jar;C:\Users\Rahul.Tiple\.m2\repository\commons-fileupload\commons-fileupload\1.2.2\commons-fileupload-1.2.2.jar;C:\Users\Rahul.Tiple\.m2\repository\commons-io\commons-io\1.4\commons-io-1.4.jar;C:\Users\Rahul.Tiple\.m2\repository\log4j\log4j\1.2.15\log4j-1.2.15.jar;C:\Users\Rahul.Tiple\.m2\repository\javax\inject\javax.inject\1\javax.inject-1.jar;C:\Users\Rahul.Tiple\.m2\repository\javax\servlet\servlet-api\2.5\servlet-api-2.5.jar;C:\Users\Rahul.Tiple\.m2\repository\javax\servlet\jsp\jsp-api\2.1\jsp-api-2.1.jar;C:\Users\Rahul.Tiple\.m2\repository\javax\servlet\jstl\1.2\jstl-1.2.jar;C:\Users\Rahul.Tiple\.m2\repository\junit\junit\4.7\junit-4.7.jar;"/>
    <property name="java.specification.name" value="Java Platform API Specification"/>
    <property name="java.class.version" value="50.0"/>
    <property name="sun.management.compiler" value="HotSpot Client Compiler"/>
    <property name="os.version" value="6.1"/>
    <property name="user.home" value="C:\Users\Rahul.Tiple"/>
    <property name="user.timezone" value=""/>
    <property name="java.awt.printerjob" value="sun.awt.windows.WPrinterJob"/>
    <property name="java.specification.version" value="1.6"/>
    <property name="file.encoding" value="Cp1252"/>
    <property name="user.name" value="rahul.tiple"/>
    <property name="java.class.path" value="C:\Users\Rahul.Tiple\Downloads\SpringRestExample\SpringRestExample\target\test-classes;C:\Users\Rahul.Tiple\Downloads\SpringRestExample\SpringRestExample\target\classes;C:\Users\Rahul.Tiple\.m2\repository\com\fasterxml\jackson\core\jackson-databind\2.2.3\jackson-databind-2.2.3.jar;C:\Users\Rahul.Tiple\.m2\repository\com\fasterxml\jackson\core\jackson-annotations\2.2.3\jackson-annotations-2.2.3.jar;C:\Users\Rahul.Tiple\.m2\repository\com\fasterxml\jackson\core\jackson-core\2.2.3\jackson-core-2.2.3.jar;C:\Users\Rahul.Tiple\.m2\repository\org\springframework\spring-context\4.0.0.RELEASE\spring-context-4.0.0.RELEASE.jar;C:\Users\Rahul.Tiple\.m2\repository\org\springframework\spring-aop\4.0.0.RELEASE\spring-aop-4.0.0.RELEASE.jar;C:\Users\Rahul.Tiple\.m2\repository\org\springframework\spring-beans\4.0.0.RELEASE\spring-beans-4.0.0.RELEASE.jar;C:\Users\Rahul.Tiple\.m2\repository\org\springframework\spring-core\4.0.0.RELEASE\spring-core-4.0.0.RELEASE.jar;C:\Users\Rahul.Tiple\.m2\repository\org\springframework\spring-expression\4.0.0.RELEASE\spring-expression-4.0.0.RELEASE.jar;C:\Users\Rahul.Tiple\.m2\repository\org\springframework\spring-webmvc\4.0.0.RELEASE\spring-webmvc-4.0.0.RELEASE.jar;C:\Users\Rahul.Tiple\.m2\repository\org\springframework\spring-web\4.0.0.RELEASE\spring-web-4.0.0.RELEASE.jar;C:\Users\Rahul.Tiple\.m2\repository\org\aspectj\aspectjrt\1.7.4\aspectjrt-1.7.4.jar;C:\Users\Rahul.Tiple\.m2\repository\org\springframework\spring-tx\4.0.0.RELEASE\spring-tx-4.0.0.RELEASE.jar;C:\Users\Rahul.Tiple\.m2\repository\aopalliance\aopalliance\1.0\aopalliance-1.0.jar;C:\Users\Rahul.Tiple\.m2\repository\org\hibernate\hibernate-core\4.3.5.Final\hibernate-core-4.3.5.Final.jar;C:\Users\Rahul.Tiple\.m2\repository\org\jboss\logging\jboss-logging\3.1.3.GA\jboss-logging-3.1.3.GA.jar;C:\Users\Rahul.Tiple\.m2\repository\org\jboss\logging\jboss-logging-annotations\1.2.0.Beta1\jboss-logging-annotations-1.2.0.Beta1.jar;C:\Users\Rahul.Tiple\.m2\repository\org\jboss\spec\javax\transaction\jboss-transaction-api_1.2_spec\1.0.0.Final\jboss-transaction-api_1.2_spec-1.0.0.Final.jar;C:\Users\Rahul.Tiple\.m2\repository\dom4j\dom4j\1.6.1\dom4j-1.6.1.jar;C:\Users\Rahul.Tiple\.m2\repository\xml-apis\xml-apis\1.0.b2\xml-apis-1.0.b2.jar;C:\Users\Rahul.Tiple\.m2\repository\org\hibernate\common\hibernate-commons-annotations\4.0.4.Final\hibernate-commons-annotations-4.0.4.Final.jar;C:\Users\Rahul.Tiple\.m2\repository\org\hibernate\javax\persistence\hibernate-jpa-2.1-api\1.0.0.Final\hibernate-jpa-2.1-api-1.0.0.Final.jar;C:\Users\Rahul.Tiple\.m2\repository\org\javassist\javassist\3.18.1-GA\javassist-3.18.1-GA.jar;C:\Users\Rahul.Tiple\.m2\repository\antlr\antlr\2.7.7\antlr-2.7.7.jar;C:\Users\Rahul.Tiple\.m2\repository\org\jboss\jandex\1.1.0.Final\jandex-1.1.0.Final.jar;C:\Users\Rahul.Tiple\.m2\repository\org\hibernate\hibernate-entitymanager\4.3.5.Final\hibernate-entitymanager-4.3.5.Final.jar;C:\Users\Rahul.Tiple\.m2\repository\commons-dbcp\commons-dbcp\1.4\commons-dbcp-1.4.jar;C:\Users\Rahul.Tiple\.m2\repository\commons-pool\commons-pool\1.5.4\commons-pool-1.5.4.jar;C:\Users\Rahul.Tiple\.m2\repository\org\springframework\spring-orm\4.0.0.RELEASE\spring-orm-4.0.0.RELEASE.jar;C:\Users\Rahul.Tiple\.m2\repository\org\springframework\spring-jdbc\4.0.0.RELEASE\spring-jdbc-4.0.0.RELEASE.jar;C:\Users\Rahul.Tiple\.m2\repository\org\slf4j\slf4j-api\1.7.5\slf4j-api-1.7.5.jar;C:\Users\Rahul.Tiple\.m2\repository\org\slf4j\jcl-over-slf4j\1.7.5\jcl-over-slf4j-1.7.5.jar;C:\Users\Rahul.Tiple\.m2\repository\org\slf4j\slf4j-log4j12\1.7.5\slf4j-log4j12-1.7.5.jar;C:\Users\Rahul.Tiple\.m2\repository\commons-fileupload\commons-fileupload\1.2.2\commons-fileupload-1.2.2.jar;C:\Users\Rahul.Tiple\.m2\repository\commons-io\commons-io\1.4\commons-io-1.4.jar;C:\Users\Rahul.Tiple\.m2\repository\log4j\log4j\1.2.15\log4j-1.2.15.jar;C:\Users\Rahul.Tiple\.m2\repository\javax\inject\javax.inject\1\javax.inject-1.jar;C:\Users\Rahul.Tiple\.m2\repository\javax\servlet\servlet-api\2.5\servlet-api-2.5.jar;C:\Users\Rahul.Tiple\.m2\repository\javax\servlet\jsp\jsp-api\2.1\jsp-api-2.1.jar;C:\Users\Rahul.Tiple\.m2\repository\javax\servlet\jstl\1.2\jstl-1.2.jar;C:\Users\Rahul.Tiple\.m2\repository\junit\junit\4.7\junit-4.7.jar;"/>
    <property name="java.vm.specification.version" value="1.0"/>
    <property name="sun.arch.data.model" value="32"/>
    <property name="java.home" value="D:\rahul tiple\jdk1.6.0_02\jre"/>
    <property name="java.specification.vendor" value="Sun Microsystems Inc."/>
    <property name="user.language" value="en"/>
    <property name="awt.toolkit" value="sun.awt.windows.WToolkit"/>
    <property name="java.vm.info" value="mixed mode"/>
    <property name="java.version" value="1.6.0_02"/>
    <property name="java.ext.dirs" value="D:\rahul tiple\jdk1.6.0_02\jre\lib\ext;C:\Windows\Sun\Java\lib\ext"/>
    <property name="sun.boot.class.path" value="D:\rahul tiple\jdk1.6.0_02\jre\lib\resources.jar;D:\rahul tiple\jdk1.6.0_02\jre\lib\rt.jar;D:\rahul tiple\jdk1.6.0_02\jre\lib\sunrsasign.jar;D:\rahul tiple\jdk1.6.0_02\jre\lib\jsse.jar;D:\rahul tiple\jdk1.6.0_02\jre\lib\jce.jar;D:\rahul tiple\jdk1.6.0_02\jre\lib\charsets.jar;D:\rahul tiple\jdk1.6.0_02\jre\classes"/>
    <property name="java.vendor" value="Sun Microsystems Inc."/>
    <property name="localRepository" value="C:\Users\Rahul.Tiple\.m2\repository"/>
    <property name="file.separator" value="\"/>
    <property name="java.vendor.url.bug" value="http://java.sun.com/cgi-bin/bugreport.cgi"/>
    <property name="sun.cpu.endian" value="little"/>
    <property name="sun.io.unicode.encoding" value="UnicodeLittle"/>
    <property name="sun.desktop" value="windows"/>
    <property name="sun.cpu.isalist" value="pentium_pro+mmx pentium_pro pentium+mmx pentium i486 i386 i86"/>
  </properties>
  <testcase time="0.005" classname="com.journaldev.spring.TestSpringRestExample" name="initializationError">
    <error message="No runnable methods" type="java.lang.Exception">java.lang.Exception: No runnable methods
	at org.junit.runners.BlockJUnit4ClassRunner.validateInstanceMethods(BlockJUnit4ClassRunner.java:171)
	at org.junit.runners.BlockJUnit4ClassRunner.collectInitializationErrors(BlockJUnit4ClassRunner.java:115)
	at org.junit.runners.ParentRunner.validate(ParentRunner.java:269)
	at org.junit.runners.ParentRunner.&lt;init&gt;(ParentRunner.java:66)
	at org.junit.runners.BlockJUnit4ClassRunner.&lt;init&gt;(BlockJUnit4ClassRunner.java:59)
	at org.junit.internal.builders.JUnit4Builder.runnerForClass(JUnit4Builder.java:13)
	at org.junit.runners.model.RunnerBuilder.safeRunnerForClass(RunnerBuilder.java:57)
	at org.junit.internal.builders.AllDefaultPossibilitiesBuilder.runnerForClass(AllDefaultPossibilitiesBuilder.java:29)
	at org.junit.runners.model.RunnerBuilder.safeRunnerForClass(RunnerBuilder.java:57)
	at org.junit.internal.requests.ClassRequest.getRunner(ClassRequest.java:24)
	at org.apache.maven.surefire.junit4.JUnit4TestSet.execute(JUnit4TestSet.java:51)
	at org.apache.maven.surefire.suite.AbstractDirectoryTestSuite.executeTestSet(AbstractDirectoryTestSuite.java:115)
	at org.apache.maven.surefire.suite.AbstractDirectoryTestSuite.execute(AbstractDirectoryTestSuite.java:102)
	at org.apache.maven.surefire.Surefire.run(Surefire.java:180)
	at sun.reflect.NativeMethodAccessorImpl.invoke0(Native Method)
	at sun.reflect.NativeMethodAccessorImpl.invoke(NativeMethodAccessorImpl.java:39)
	at sun.reflect.DelegatingMethodAccessorImpl.invoke(DelegatingMethodAccessorImpl.java:25)
	at java.lang.reflect.Method.invoke(Method.java:597)
	at org.apache.maven.surefire.booter.SurefireBooter.runSuitesInProcess(SurefireBooter.java:350)
	at org.apache.maven.surefire.booter.SurefireBooter.main(SurefireBooter.java:1021)
</error>
  </testcase>
</testsuite>